#
# There is insufficient memory for the Java Runtime Environment to continue.
# Native memory allocation (malloc) failed to allocate 868976 bytes for Chunk::new
# Possible reasons:
#   The system is out of physical RAM or swap space
#   The process is running with CompressedOops enabled, and the Java Heap may be blocking the growth of the native heap
# Possible solutions:
#   Reduce memory load on the system
#   Increase physical memory or swap space
#   Check if swap backing store is full
#   Decrease Java heap size (-Xmx/-Xms)
#   Decrease number of Java threads
#   Decrease Java thread stack sizes (-Xss)
#   Set larger code cache with -XX:ReservedCodeCacheSize=
#   JVM is running with Unscaled Compressed Oops mode in which the Java heap is
#     placed in the first 4GB address space. The Java Heap base address is the
#     maximum limit for the native heap growth. Please use -XX:HeapBaseMinAddress
#     to set the Java Heap base and to place the Java Heap above 4GB virtual address.
# This output file may be truncated or incomplete.
#
#  Out of Memory Error (t:/workspace/open/src/hotspot/share/memory/arena.cpp:197), pid=108724, tid=167688
#
# JRE version: Java(TM) SE Runtime Environment (12.0.1+12) (build 12.0.1+12)
# Java VM: Java HotSpot(TM) 64-Bit Server VM (12.0.1+12, mixed mode, sharing, tiered, compressed oops, g1 gc, windows-amd64)
# No core dump will be written. Minidumps are not enabled by default on client versions of Windows
#

---------------  S U M M A R Y ------------

Command Line: --enable-preview -javaagent:C:\Program Files\JetBrains\IntelliJ IDEA 2018.3\lib\idea_rt.jar=5720:C:\Program Files\JetBrains\IntelliJ IDEA 2018.3\bin -Dfile.encoding=UTF-8 com.app.main.App

Host: Intel(R) Core(TM) i5-6267U CPU @ 2.90GHz, 4 cores, 7G,  Windows 10 , 64 bit Build 18362 (10.0.18362.329)
Time: Sun Nov 24 17:53:04 2019 Central European Standard Time elapsed time: 3 seconds (0d 0h 0m 3s)

---------------  T H R E A D  ---------------

Current thread (0x0000026cfcc97000):  JavaThread "C2 CompilerThread0" daemon [_thread_in_native, id=167688, stack(0x000000b7d6000000,0x000000b7d6100000)]


Current CompileTask:
C2:   3317 1305       4       java.net.URLStreamHandler::parseURL (1201 bytes)

Stack: [0x000000b7d6000000,0x000000b7d6100000]
Native frames: (J=compiled Java code, j=interpreted, Vv=VM code, C=native code)
V  [jvm.dll+0x63948a]
V  [jvm.dll+0x78b31f]
V  [jvm.dll+0x78c9c1]
V  [jvm.dll+0x78d013]
V  [jvm.dll+0x262138]
V  [jvm.dll+0xc582c]
V  [jvm.dll+0xc5dac]
V  [jvm.dll+0x3796a7]
V  [jvm.dll+0x345493]
V  [jvm.dll+0x34485a]
V  [jvm.dll+0x21c035]
V  [jvm.dll+0x21b20a]
V  [jvm.dll+0x199890]
V  [jvm.dll+0x22a534]
V  [jvm.dll+0x228b88]
V  [jvm.dll+0x74f660]
V  [jvm.dll+0x748648]
V  [jvm.dll+0x638566]
C  [ucrtbase.dll+0x20e72]
C  [KERNEL32.DLL+0x17bd4]
C  [ntdll.dll+0x6ced1]


---------------  P R O C E S S  ---------------

Threads class SMR info:
_java_thread_list=0x0000026cfe25a0c0, length=12, elements={
0x0000026ceb991000, 0x0000026cfcc72800, 0x0000026cfcc74000, 0x0000026cfcc8c000,
0x0000026cfcc8e000, 0x0000026cfcc97000, 0x0000026cfcc99800, 0x0000026cfcca0800,
0x0000026cfcc58800, 0x0000026cfd8e9000, 0x0000026cfd8e9800, 0x0000026cfe35f000
}

Java Threads: ( => current thread )
  0x0000026ceb991000 JavaThread "main" [_thread_in_vm, id=148648, stack(0x000000b7d5500000,0x000000b7d5600000)]
  0x0000026cfcc72800 JavaThread "Reference Handler" daemon [_thread_blocked, id=149900, stack(0x000000b7d5c00000,0x000000b7d5d00000)]
  0x0000026cfcc74000 JavaThread "Finalizer" daemon [_thread_blocked, id=158348, stack(0x000000b7d5d00000,0x000000b7d5e00000)]
  0x0000026cfcc8c000 JavaThread "Signal Dispatcher" daemon [_thread_blocked, id=168780, stack(0x000000b7d5e00000,0x000000b7d5f00000)]
  0x0000026cfcc8e000 JavaThread "Attach Listener" daemon [_thread_blocked, id=160744, stack(0x000000b7d5f00000,0x000000b7d6000000)]
=>0x0000026cfcc97000 JavaThread "C2 CompilerThread0" daemon [_thread_in_native, id=167688, stack(0x000000b7d6000000,0x000000b7d6100000)]
  0x0000026cfcc99800 JavaThread "C1 CompilerThread0" daemon [_thread_blocked, id=169480, stack(0x000000b7d6100000,0x000000b7d6200000)]
  0x0000026cfcca0800 JavaThread "Sweeper thread" daemon [_thread_blocked, id=169944, stack(0x000000b7d6200000,0x000000b7d6300000)]
  0x0000026cfcc58800 JavaThread "Common-Cleaner" daemon [_thread_blocked, id=163312, stack(0x000000b7d6300000,0x000000b7d6400000)]
  0x0000026cfd8e9000 JavaThread "Monitor Ctrl-Break" daemon [_thread_in_native, id=126592, stack(0x000000b7d6400000,0x000000b7d6500000)]
  0x0000026cfd8e9800 JavaThread "Service Thread" daemon [_thread_blocked, id=152284, stack(0x000000b7d6500000,0x000000b7d6600000)]
  0x0000026cfe35f000 JavaThread "mysql-cj-abandoned-connection-cleanup" daemon [_thread_blocked, id=166648, stack(0x000000b7d6900000,0x000000b7d6a00000)]

Other Threads:
  0x0000026cfcc6f000 VMThread "VM Thread" [stack: 0x000000b7d5b00000,0x000000b7d5c00000] [id=167052]
  0x0000026cfd8ea800 WatcherThread [stack: 0x000000b7d6600000,0x000000b7d6700000] [id=168716]
  0x0000026ceb9c9800 GCTaskThread "GC Thread#0" [stack: 0x000000b7d5600000,0x000000b7d5700000] [id=167144]
  0x0000026cfd8e7000 GCTaskThread "GC Thread#1" [stack: 0x000000b7d6700000,0x000000b7d6800000] [id=169384]
  0x0000026cfd950800 GCTaskThread "GC Thread#2" [stack: 0x000000b7d6800000,0x000000b7d6900000] [id=167884]
  0x0000026ceb9d9800 ConcurrentGCThread "G1 Main Marker" [stack: 0x000000b7d5700000,0x000000b7d5800000] [id=164404]
  0x0000026ceb9dd000 ConcurrentGCThread "G1 Conc#0" [stack: 0x000000b7d5800000,0x000000b7d5900000] [id=168836]
  0x0000026cfcaf0800 ConcurrentGCThread "G1 Refine#0" [stack: 0x000000b7d5900000,0x000000b7d5a00000] [id=169052]
  0x0000026cfcaf1800 ConcurrentGCThread "G1 Young RemSet Sampling" [stack: 0x000000b7d5a00000,0x000000b7d5b00000] [id=167160]

Threads with active compile tasks:
C2 CompilerThread0  1305       4       java.net.URLStreamHandler::parseURL (1201 bytes)

VM state:not at safepoint (normal execution)

VM Mutex/Monitor currently owned by a thread: None

Heap address: 0x0000000082400000, size: 2012 MB, Compressed Oops mode: 32-bit
Narrow klass base: 0x0000000800000000, Narrow klass shift: 3
Compressed class space size: 1073741824 Address: 0x00000008011a0000

Heap:
 garbage-first heap   total 129024K, used 65580K [0x0000000082400000, 0x0000000100000000)
  region size 1024K, 65 young (66560K), 2 survivors (2048K)
 Metaspace       used 14848K, capacity 15157K, committed 15360K, reserved 1062912K
  class space    used 1918K, capacity 2042K, committed 2048K, reserved 1048576K
Heap Regions: E=young(eden), S=young(survivor), O=old, HS=humongous(starts), HC=humongous(continues), CS=collection set, F=free, A=archive, TAMS=top-at-mark-start (previous, next)
|   0|0x0000000082400000, 0x0000000082500000, 0x0000000082500000|100%|HS|  |TAMS 0x0000000082400000, 0x0000000082400000| Complete 
|   1|0x0000000082500000, 0x000000008250b000, 0x0000000082600000|  4%| O|  |TAMS 0x0000000082500000, 0x0000000082500000| Untracked 
|   2|0x0000000082600000, 0x0000000082600000, 0x0000000082700000|  0%| F|  |TAMS 0x0000000082600000, 0x0000000082600000| Untracked 
|   3|0x0000000082700000, 0x0000000082700000, 0x0000000082800000|  0%| F|  |TAMS 0x0000000082700000, 0x0000000082700000| Untracked 
|   4|0x0000000082800000, 0x0000000082800000, 0x0000000082900000|  0%| F|  |TAMS 0x0000000082800000, 0x0000000082800000| Untracked 
|   5|0x0000000082900000, 0x0000000082900000, 0x0000000082a00000|  0%| F|  |TAMS 0x0000000082900000, 0x0000000082900000| Untracked 
|   6|0x0000000082a00000, 0x0000000082a00000, 0x0000000082b00000|  0%| F|  |TAMS 0x0000000082a00000, 0x0000000082a00000| Untracked 
|   7|0x0000000082b00000, 0x0000000082b00000, 0x0000000082c00000|  0%| F|  |TAMS 0x0000000082b00000, 0x0000000082b00000| Untracked 
|   8|0x0000000082c00000, 0x0000000082c00000, 0x0000000082d00000|  0%| F|  |TAMS 0x0000000082c00000, 0x0000000082c00000| Untracked 
|   9|0x0000000082d00000, 0x0000000082d00000, 0x0000000082e00000|  0%| F|  |TAMS 0x0000000082d00000, 0x0000000082d00000| Untracked 
|  10|0x0000000082e00000, 0x0000000082e00000, 0x0000000082f00000|  0%| F|  |TAMS 0x0000000082e00000, 0x0000000082e00000| Untracked 
|  11|0x0000000082f00000, 0x0000000082f00000, 0x0000000083000000|  0%| F|  |TAMS 0x0000000082f00000, 0x0000000082f00000| Untracked 
|  12|0x0000000083000000, 0x0000000083000000, 0x0000000083100000|  0%| F|  |TAMS 0x0000000083000000, 0x0000000083000000| Untracked 
|  13|0x0000000083100000, 0x0000000083100000, 0x0000000083200000|  0%| F|  |TAMS 0x0000000083100000, 0x0000000083100000| Untracked 
|  14|0x0000000083200000, 0x0000000083200000, 0x0000000083300000|  0%| F|  |TAMS 0x0000000083200000, 0x0000000083200000| Untracked 
|  15|0x0000000083300000, 0x0000000083300000, 0x0000000083400000|  0%| F|  |TAMS 0x0000000083300000, 0x0000000083300000| Untracked 
|  16|0x0000000083400000, 0x0000000083400000, 0x0000000083500000|  0%| F|  |TAMS 0x0000000083400000, 0x0000000083400000| Untracked 
|  17|0x0000000083500000, 0x0000000083500000, 0x0000000083600000|  0%| F|  |TAMS 0x0000000083500000, 0x0000000083500000| Untracked 
|  18|0x0000000083600000, 0x0000000083600000, 0x0000000083700000|  0%| F|  |TAMS 0x0000000083600000, 0x0000000083600000| Untracked 
|  19|0x0000000083700000, 0x0000000083700000, 0x0000000083800000|  0%| F|  |TAMS 0x0000000083700000, 0x0000000083700000| Untracked 
|  20|0x0000000083800000, 0x0000000083800000, 0x0000000083900000|  0%| F|  |TAMS 0x0000000083800000, 0x0000000083800000| Untracked 
|  21|0x0000000083900000, 0x0000000083900000, 0x0000000083a00000|  0%| F|  |TAMS 0x0000000083900000, 0x0000000083900000| Untracked 
|  22|0x0000000083a00000, 0x0000000083a00000, 0x0000000083b00000|  0%| F|  |TAMS 0x0000000083a00000, 0x0000000083a00000| Untracked 
|  23|0x0000000083b00000, 0x0000000083b00000, 0x0000000083c00000|  0%| F|  |TAMS 0x0000000083b00000, 0x0000000083b00000| Untracked 
|  24|0x0000000083c00000, 0x0000000083c00000, 0x0000000083d00000|  0%| F|  |TAMS 0x0000000083c00000, 0x0000000083c00000| Untracked 
|  25|0x0000000083d00000, 0x0000000083d00000, 0x0000000083e00000|  0%| F|  |TAMS 0x0000000083d00000, 0x0000000083d00000| Untracked 
|  26|0x0000000083e00000, 0x0000000083e00000, 0x0000000083f00000|  0%| F|  |TAMS 0x0000000083e00000, 0x0000000083e00000| Untracked 
|  27|0x0000000083f00000, 0x0000000083f00000, 0x0000000084000000|  0%| F|  |TAMS 0x0000000083f00000, 0x0000000083f00000| Untracked 
|  28|0x0000000084000000, 0x0000000084000000, 0x0000000084100000|  0%| F|  |TAMS 0x0000000084000000, 0x0000000084000000| Untracked 
|  29|0x0000000084100000, 0x0000000084100000, 0x0000000084200000|  0%| F|  |TAMS 0x0000000084100000, 0x0000000084100000| Untracked 
|  30|0x0000000084200000, 0x0000000084200000, 0x0000000084300000|  0%| F|  |TAMS 0x0000000084200000, 0x0000000084200000| Untracked 
|  31|0x0000000084300000, 0x0000000084300000, 0x0000000084400000|  0%| F|  |TAMS 0x0000000084300000, 0x0000000084300000| Untracked 
|  32|0x0000000084400000, 0x0000000084400000, 0x0000000084500000|  0%| F|  |TAMS 0x0000000084400000, 0x0000000084400000| Untracked 
|  33|0x0000000084500000, 0x0000000084500000, 0x0000000084600000|  0%| F|  |TAMS 0x0000000084500000, 0x0000000084500000| Untracked 
|  34|0x0000000084600000, 0x0000000084600000, 0x0000000084700000|  0%| F|  |TAMS 0x0000000084600000, 0x0000000084600000| Untracked 
|  35|0x0000000084700000, 0x0000000084700000, 0x0000000084800000|  0%| F|  |TAMS 0x0000000084700000, 0x0000000084700000| Untracked 
|  36|0x0000000084800000, 0x0000000084800000, 0x0000000084900000|  0%| F|  |TAMS 0x0000000084800000, 0x0000000084800000| Untracked 
|  37|0x0000000084900000, 0x0000000084900000, 0x0000000084a00000|  0%| F|  |TAMS 0x0000000084900000, 0x0000000084900000| Untracked 
|  38|0x0000000084a00000, 0x0000000084a00000, 0x0000000084b00000|  0%| F|  |TAMS 0x0000000084a00000, 0x0000000084a00000| Untracked 
|  39|0x0000000084b00000, 0x0000000084b00000, 0x0000000084c00000|  0%| F|  |TAMS 0x0000000084b00000, 0x0000000084b00000| Untracked 
|  40|0x0000000084c00000, 0x0000000084c00000, 0x0000000084d00000|  0%| F|  |TAMS 0x0000000084c00000, 0x0000000084c00000| Untracked 
|  41|0x0000000084d00000, 0x0000000084d00000, 0x0000000084e00000|  0%| F|  |TAMS 0x0000000084d00000, 0x0000000084d00000| Untracked 
|  42|0x0000000084e00000, 0x0000000084e00000, 0x0000000084f00000|  0%| F|  |TAMS 0x0000000084e00000, 0x0000000084e00000| Untracked 
|  43|0x0000000084f00000, 0x0000000084f00000, 0x0000000085000000|  0%| F|  |TAMS 0x0000000084f00000, 0x0000000084f00000| Untracked 
|  44|0x0000000085000000, 0x0000000085000000, 0x0000000085100000|  0%| F|  |TAMS 0x0000000085000000, 0x0000000085000000| Untracked 
|  45|0x0000000085100000, 0x0000000085100000, 0x0000000085200000|  0%| F|  |TAMS 0x0000000085100000, 0x0000000085100000| Untracked 
|  46|0x0000000085200000, 0x0000000085200000, 0x0000000085300000|  0%| F|  |TAMS 0x0000000085200000, 0x0000000085200000| Untracked 
|  47|0x0000000085300000, 0x0000000085300000, 0x0000000085400000|  0%| F|  |TAMS 0x0000000085300000, 0x0000000085300000| Untracked 
|  48|0x0000000085400000, 0x0000000085400000, 0x0000000085500000|  0%| F|  |TAMS 0x0000000085400000, 0x0000000085400000| Untracked 
|  49|0x0000000085500000, 0x0000000085500000, 0x0000000085600000|  0%| F|  |TAMS 0x0000000085500000, 0x0000000085500000| Untracked 
|  50|0x0000000085600000, 0x0000000085600000, 0x0000000085700000|  0%| F|  |TAMS 0x0000000085600000, 0x0000000085600000| Untracked 
|  51|0x0000000085700000, 0x0000000085700000, 0x0000000085800000|  0%| F|  |TAMS 0x0000000085700000, 0x0000000085700000| Untracked 
|  52|0x0000000085800000, 0x0000000085800000, 0x0000000085900000|  0%| F|  |TAMS 0x0000000085800000, 0x0000000085800000| Untracked 
|  53|0x0000000085900000, 0x0000000085900000, 0x0000000085a00000|  0%| F|  |TAMS 0x0000000085900000, 0x0000000085900000| Untracked 
|  54|0x0000000085a00000, 0x0000000085a00000, 0x0000000085b00000|  0%| F|  |TAMS 0x0000000085a00000, 0x0000000085a00000| Untracked 
|  55|0x0000000085b00000, 0x0000000085b00000, 0x0000000085c00000|  0%| F|  |TAMS 0x0000000085b00000, 0x0000000085b00000| Untracked 
|  56|0x0000000085c00000, 0x0000000085c00000, 0x0000000085d00000|  0%| F|  |TAMS 0x0000000085c00000, 0x0000000085c00000| Untracked 
|  57|0x0000000085d00000, 0x0000000085d00000, 0x0000000085e00000|  0%| F|  |TAMS 0x0000000085d00000, 0x0000000085d00000| Untracked 
|  58|0x0000000085e00000, 0x0000000085e00000, 0x0000000085f00000|  0%| F|  |TAMS 0x0000000085e00000, 0x0000000085e00000| Untracked 
|  59|0x0000000085f00000, 0x0000000085f00000, 0x0000000086000000|  0%| F|  |TAMS 0x0000000085f00000, 0x0000000085f00000| Untracked 
|  60|0x0000000086000000, 0x0000000086000000, 0x0000000086100000|  0%| F|  |TAMS 0x0000000086000000, 0x0000000086000000| Untracked 
|  61|0x0000000086100000, 0x000000008618c810, 0x0000000086200000| 54%| E|  |TAMS 0x0000000086100000, 0x0000000086100000| Complete 
|  62|0x0000000086200000, 0x0000000086300000, 0x0000000086300000|100%| E|CS|TAMS 0x0000000086200000, 0x0000000086200000| Complete 
|  63|0x0000000086300000, 0x0000000086400000, 0x0000000086400000|100%| E|CS|TAMS 0x0000000086300000, 0x0000000086300000| Complete 
|  64|0x0000000086400000, 0x0000000086500000, 0x0000000086500000|100%| E|CS|TAMS 0x0000000086400000, 0x0000000086400000| Complete 
|  65|0x0000000086500000, 0x0000000086600000, 0x0000000086600000|100%| E|CS|TAMS 0x0000000086500000, 0x0000000086500000| Complete 
|  66|0x0000000086600000, 0x0000000086700000, 0x0000000086700000|100%| E|CS|TAMS 0x0000000086600000, 0x0000000086600000| Complete 
|  67|0x0000000086700000, 0x0000000086800000, 0x0000000086800000|100%| E|CS|TAMS 0x0000000086700000, 0x0000000086700000| Complete 
|  68|0x0000000086800000, 0x0000000086900000, 0x0000000086900000|100%| E|CS|TAMS 0x0000000086800000, 0x0000000086800000| Complete 
|  69|0x0000000086900000, 0x0000000086a00000, 0x0000000086a00000|100%| E|CS|TAMS 0x0000000086900000, 0x0000000086900000| Complete 
|  70|0x0000000086a00000, 0x0000000086b00000, 0x0000000086b00000|100%| E|CS|TAMS 0x0000000086a00000, 0x0000000086a00000| Complete 
|  71|0x0000000086b00000, 0x0000000086c00000, 0x0000000086c00000|100%| E|CS|TAMS 0x0000000086b00000, 0x0000000086b00000| Complete 
|  72|0x0000000086c00000, 0x0000000086d00000, 0x0000000086d00000|100%| E|CS|TAMS 0x0000000086c00000, 0x0000000086c00000| Complete 
|  73|0x0000000086d00000, 0x0000000086e00000, 0x0000000086e00000|100%| E|CS|TAMS 0x0000000086d00000, 0x0000000086d00000| Complete 
|  74|0x0000000086e00000, 0x0000000086f00000, 0x0000000086f00000|100%| E|CS|TAMS 0x0000000086e00000, 0x0000000086e00000| Complete 
|  75|0x0000000086f00000, 0x0000000087000000, 0x0000000087000000|100%| E|CS|TAMS 0x0000000086f00000, 0x0000000086f00000| Complete 
|  76|0x0000000087000000, 0x0000000087100000, 0x0000000087100000|100%| E|CS|TAMS 0x0000000087000000, 0x0000000087000000| Complete 
|  77|0x0000000087100000, 0x0000000087200000, 0x0000000087200000|100%| E|CS|TAMS 0x0000000087100000, 0x0000000087100000| Complete 
|  78|0x0000000087200000, 0x0000000087300000, 0x0000000087300000|100%| E|CS|TAMS 0x0000000087200000, 0x0000000087200000| Complete 
|  79|0x0000000087300000, 0x0000000087400000, 0x0000000087400000|100%| E|CS|TAMS 0x0000000087300000, 0x0000000087300000| Complete 
|  80|0x0000000087400000, 0x0000000087500000, 0x0000000087500000|100%| E|CS|TAMS 0x0000000087400000, 0x0000000087400000| Complete 
|  81|0x0000000087500000, 0x0000000087600000, 0x0000000087600000|100%| E|CS|TAMS 0x0000000087500000, 0x0000000087500000| Complete 
|  82|0x0000000087600000, 0x0000000087700000, 0x0000000087700000|100%| E|CS|TAMS 0x0000000087600000, 0x0000000087600000| Complete 
|  83|0x0000000087700000, 0x0000000087800000, 0x0000000087800000|100%| E|CS|TAMS 0x0000000087700000, 0x0000000087700000| Complete 
|  84|0x0000000087800000, 0x0000000087900000, 0x0000000087900000|100%| E|CS|TAMS 0x0000000087800000, 0x0000000087800000| Complete 
|  85|0x0000000087900000, 0x0000000087a00000, 0x0000000087a00000|100%| E|CS|TAMS 0x0000000087900000, 0x0000000087900000| Complete 
|  86|0x0000000087a00000, 0x0000000087b00000, 0x0000000087b00000|100%| E|CS|TAMS 0x0000000087a00000, 0x0000000087a00000| Complete 
|  87|0x0000000087b00000, 0x0000000087c00000, 0x0000000087c00000|100%| E|CS|TAMS 0x0000000087b00000, 0x0000000087b00000| Complete 
|  88|0x0000000087c00000, 0x0000000087d00000, 0x0000000087d00000|100%| E|CS|TAMS 0x0000000087c00000, 0x0000000087c00000| Complete 
|  89|0x0000000087d00000, 0x0000000087e00000, 0x0000000087e00000|100%| E|CS|TAMS 0x0000000087d00000, 0x0000000087d00000| Complete 
|  90|0x0000000087e00000, 0x0000000087f00000, 0x0000000087f00000|100%| E|CS|TAMS 0x0000000087e00000, 0x0000000087e00000| Complete 
|  91|0x0000000087f00000, 0x0000000088000000, 0x0000000088000000|100%| E|CS|TAMS 0x0000000087f00000, 0x0000000087f00000| Complete 
|  92|0x0000000088000000, 0x0000000088100000, 0x0000000088100000|100%| E|CS|TAMS 0x0000000088000000, 0x0000000088000000| Complete 
|  93|0x0000000088100000, 0x0000000088200000, 0x0000000088200000|100%| E|CS|TAMS 0x0000000088100000, 0x0000000088100000| Complete 
|  94|0x0000000088200000, 0x0000000088300000, 0x0000000088300000|100%| E|CS|TAMS 0x0000000088200000, 0x0000000088200000| Complete 
|  95|0x0000000088300000, 0x0000000088400000, 0x0000000088400000|100%| E|CS|TAMS 0x0000000088300000, 0x0000000088300000| Complete 
|  96|0x0000000088400000, 0x0000000088500000, 0x0000000088500000|100%| E|  |TAMS 0x0000000088400000, 0x0000000088400000| Complete 
|  97|0x0000000088500000, 0x0000000088600000, 0x0000000088600000|100%| E|CS|TAMS 0x0000000088500000, 0x0000000088500000| Complete 
|  98|0x0000000088600000, 0x0000000088700000, 0x0000000088700000|100%| E|CS|TAMS 0x0000000088600000, 0x0000000088600000| Complete 
|  99|0x0000000088700000, 0x0000000088800000, 0x0000000088800000|100%| E|CS|TAMS 0x0000000088700000, 0x0000000088700000| Complete 
| 100|0x0000000088800000, 0x0000000088900000, 0x0000000088900000|100%| E|CS|TAMS 0x0000000088800000, 0x0000000088800000| Complete 
| 101|0x0000000088900000, 0x0000000088a00000, 0x0000000088a00000|100%| E|CS|TAMS 0x0000000088900000, 0x0000000088900000| Complete 
| 102|0x0000000088a00000, 0x0000000088b00000, 0x0000000088b00000|100%| E|CS|TAMS 0x0000000088a00000, 0x0000000088a00000| Complete 
| 103|0x0000000088b00000, 0x0000000088c00000, 0x0000000088c00000|100%| E|CS|TAMS 0x0000000088b00000, 0x0000000088b00000| Complete 
| 104|0x0000000088c00000, 0x0000000088d00000, 0x0000000088d00000|100%| E|CS|TAMS 0x0000000088c00000, 0x0000000088c00000| Complete 
| 105|0x0000000088d00000, 0x0000000088e00000, 0x0000000088e00000|100%| E|CS|TAMS 0x0000000088d00000, 0x0000000088d00000| Complete 
| 106|0x0000000088e00000, 0x0000000088f00000, 0x0000000088f00000|100%| E|CS|TAMS 0x0000000088e00000, 0x0000000088e00000| Complete 
| 107|0x0000000088f00000, 0x0000000089000000, 0x0000000089000000|100%| E|CS|TAMS 0x0000000088f00000, 0x0000000088f00000| Complete 
| 108|0x0000000089000000, 0x0000000089100000, 0x0000000089100000|100%| E|CS|TAMS 0x0000000089000000, 0x0000000089000000| Complete 
| 109|0x0000000089100000, 0x0000000089200000, 0x0000000089200000|100%| E|CS|TAMS 0x0000000089100000, 0x0000000089100000| Complete 
| 110|0x0000000089200000, 0x0000000089300000, 0x0000000089300000|100%| S|CS|TAMS 0x0000000089200000, 0x0000000089200000| Complete 
| 111|0x0000000089300000, 0x0000000089400000, 0x0000000089400000|100%| S|CS|TAMS 0x0000000089300000, 0x0000000089300000| Complete 
| 112|0x0000000089400000, 0x0000000089500000, 0x0000000089500000|100%| E|CS|TAMS 0x0000000089400000, 0x0000000089400000| Complete 
| 113|0x0000000089500000, 0x0000000089600000, 0x0000000089600000|100%| E|CS|TAMS 0x0000000089500000, 0x0000000089500000| Complete 
| 114|0x0000000089600000, 0x0000000089700000, 0x0000000089700000|100%| E|CS|TAMS 0x0000000089600000, 0x0000000089600000| Complete 
| 115|0x0000000089700000, 0x0000000089800000, 0x0000000089800000|100%| E|CS|TAMS 0x0000000089700000, 0x0000000089700000| Complete 
| 116|0x0000000089800000, 0x0000000089900000, 0x0000000089900000|100%| E|CS|TAMS 0x0000000089800000, 0x0000000089800000| Complete 
| 117|0x0000000089900000, 0x0000000089a00000, 0x0000000089a00000|100%| E|CS|TAMS 0x0000000089900000, 0x0000000089900000| Complete 
| 118|0x0000000089a00000, 0x0000000089b00000, 0x0000000089b00000|100%| E|CS|TAMS 0x0000000089a00000, 0x0000000089a00000| Complete 
| 119|0x0000000089b00000, 0x0000000089c00000, 0x0000000089c00000|100%| E|CS|TAMS 0x0000000089b00000, 0x0000000089b00000| Complete 
| 120|0x0000000089c00000, 0x0000000089d00000, 0x0000000089d00000|100%| E|CS|TAMS 0x0000000089c00000, 0x0000000089c00000| Complete 
| 121|0x0000000089d00000, 0x0000000089e00000, 0x0000000089e00000|100%| E|CS|TAMS 0x0000000089d00000, 0x0000000089d00000| Complete 
| 122|0x0000000089e00000, 0x0000000089f00000, 0x0000000089f00000|100%| E|CS|TAMS 0x0000000089e00000, 0x0000000089e00000| Complete 
| 123|0x0000000089f00000, 0x000000008a000000, 0x000000008a000000|100%| E|CS|TAMS 0x0000000089f00000, 0x0000000089f00000| Complete 
| 124|0x000000008a000000, 0x000000008a100000, 0x000000008a100000|100%| E|CS|TAMS 0x000000008a000000, 0x000000008a000000| Complete 
| 125|0x000000008a100000, 0x000000008a200000, 0x000000008a200000|100%| E|CS|TAMS 0x000000008a100000, 0x000000008a100000| Complete 

Card table byte_map: [0x0000026cf5f90000,0x0000026cf6380000] _byte_map_base: 0x0000026cf5b7e000

Marking Bits (Prev, Next): (CMBitMap*) 0x0000026ceb9ccaf8, (CMBitMap*) 0x0000026ceb9ccb38
 Prev Bits: [0x0000026cf6770000, 0x0000026cf86e0000)
 Next Bits: [0x0000026cf86e0000, 0x0000026cfa650000)

Polling page: 0x0000026ceba60000

Metaspace:

Usage:
  Non-class:     12.81 MB capacity,    12.64 MB ( 99%) used,   143.23 KB (  1%) free+waste,    26.56 KB ( <1%) overhead. 
      Class:      1.99 MB capacity,     1.87 MB ( 94%) used,   108.48 KB (  5%) free+waste,    13.81 KB ( <1%) overhead. 
       Both:     14.80 MB capacity,    14.52 MB ( 98%) used,   251.71 KB (  2%) free+waste,    40.38 KB ( <1%) overhead. 

Virtual space:
  Non-class space:       14.00 MB reserved,      13.00 MB ( 93%) committed 
      Class space:        1.00 GB reserved,       2.00 MB ( <1%) committed 
             Both:        1.01 GB reserved,      15.00 MB (  1%) committed 

Chunk freelists:
   Non-Class:  640 bytes
       Class:  768 bytes
        Both:  1.38 KB

CodeHeap 'non-profiled nmethods': size=120064Kb used=478Kb max_used=478Kb free=119585Kb
 bounds [0x0000026c87ac0000, 0x0000026c87d30000, 0x0000026c8f000000]
CodeHeap 'profiled nmethods': size=120000Kb used=2676Kb max_used=2676Kb free=117323Kb
 bounds [0x0000026c80590000, 0x0000026c80830000, 0x0000026c87ac0000]
CodeHeap 'non-nmethods': size=5696Kb used=1163Kb max_used=1174Kb free=4533Kb
 bounds [0x0000026c80000000, 0x0000026c80270000, 0x0000026c80590000]
 total_blobs=2119 nmethods=1331 adapters=405
 compilation: enabled
              stopped_count=0, restarted_count=0
 full_count=0

Compilation events (10 events):
Event: 3.289 Thread 0x0000026cfcc99800 1307       3       jdk.internal.reflect.ReflectionFactory::copyMethod (10 bytes)
Event: 3.289 Thread 0x0000026cfcc99800 nmethod 1307 0x0000026c8081d890 code [0x0000026c8081da80, 0x0000026c8081de30]
Event: 3.289 Thread 0x0000026cfcc99800 1308       3       java.lang.reflect.ReflectAccess::copyMethod (5 bytes)
Event: 3.289 Thread 0x0000026cfcc99800 nmethod 1308 0x0000026c8081df90 code [0x0000026c8081e160, 0x0000026c8081e310]
Event: 3.289 Thread 0x0000026cfcc99800 1309       3       java.lang.reflect.Method::copy (84 bytes)
Event: 3.290 Thread 0x0000026cfcc99800 nmethod 1309 0x0000026c8081e410 code [0x0000026c8081e600, 0x0000026c8081eaa0]
Event: 3.290 Thread 0x0000026cfcc99800 1310       3       java.lang.reflect.Method::<init> (68 bytes)
Event: 3.290 Thread 0x0000026cfcc99800 nmethod 1310 0x0000026c8081eb90 code [0x0000026c8081ed80, 0x0000026c8081f398]
Event: 3.290 Thread 0x0000026cfcc99800 1312       3       java.net.URI::match (56 bytes)
Event: 3.291 Thread 0x0000026cfcc99800 nmethod 1312 0x0000026c8081f510 code [0x0000026c8081f6e0, 0x0000026c8081f9f8]

GC Heap History (2 events):
Event: 0.278 GC heap before
{Heap before GC invocations=0 (full 0):
 garbage-first heap   total 129024K, used 14336K [0x0000000082400000, 0x0000000100000000)
  region size 1024K, 14 young (14336K), 0 survivors (0K)
 Metaspace       used 1165K, capacity 4638K, committed 4864K, reserved 1056768K
  class space    used 120K, capacity 439K, committed 512K, reserved 1048576K
}
Event: 0.282 GC heap after
{Heap after GC invocations=1 (full 0):
 garbage-first heap   total 129024K, used 3116K [0x0000000082400000, 0x0000000100000000)
  region size 1024K, 2 young (2048K), 2 survivors (2048K)
 Metaspace       used 1165K, capacity 4638K, committed 4864K, reserved 1056768K
  class space    used 120K, capacity 439K, committed 512K, reserved 1048576K
}

Deoptimization events (10 events):
Event: 0.421 Thread 0x0000026ceb991000 Uncommon trap: reason=class_check action=maybe_recompile pc=0x0000026c87ad595c method=java.util.HashMap.putVal(ILjava/lang/Object;Ljava/lang/Object;ZZ)Ljava/lang/Object; @ 253 c2
Event: 1.040 Thread 0x0000026ceb991000 Uncommon trap: reason=bimorphic_or_optimized_type_check action=maybe_recompile pc=0x0000026c87b07058 method=java.util.HashMap.getNode(ILjava/lang/Object;)Ljava/util/HashMap$Node; @ 126 c2
Event: 1.040 Thread 0x0000026ceb991000 Uncommon trap: reason=unstable_if action=reinterpret pc=0x0000026c87b06dcc method=java.util.HashMap.getNode(ILjava/lang/Object;)Ljava/util/HashMap$Node; @ 62 c2
Event: 1.040 Thread 0x0000026ceb991000 Uncommon trap: reason=unstable_if action=reinterpret pc=0x0000026c87af25dc method=java.util.HashMap.putVal(ILjava/lang/Object;Ljava/lang/Object;ZZ)Ljava/lang/Object; @ 81 c2
Event: 1.157 Thread 0x0000026ceb991000 Uncommon trap: reason=unstable_if action=reinterpret pc=0x0000026c87b0cc9c method=java.util.HashMap.getNode(ILjava/lang/Object;)Ljava/util/HashMap$Node; @ 129 c2
Event: 1.216 Thread 0x0000026ceb991000 Uncommon trap: reason=unstable_if action=reinterpret pc=0x0000026c87b07d2c method=java.util.concurrent.ConcurrentHashMap.get(Ljava/lang/Object;)Ljava/lang/Object; @ 76 c2
Event: 1.274 Thread 0x0000026ceb991000 Uncommon trap: reason=unstable_if action=reinterpret pc=0x0000026c87af3190 method=java.lang.String.startsWith(Ljava/lang/String;I)Z @ 1 c2
Event: 2.708 Thread 0x0000026ceb991000 Uncommon trap: reason=unstable_if action=reinterpret pc=0x0000026c87b1e6f0 method=java.util.concurrent.ConcurrentHashMap.putVal(Ljava/lang/Object;Ljava/lang/Object;Z)Ljava/lang/Object; @ 231 c2
Event: 2.751 Thread 0x0000026ceb991000 Uncommon trap: reason=unstable_if action=reinterpret pc=0x0000026c87afe6a4 method=java.util.HashMap.hash(Ljava/lang/Object;)I @ 1 c2
Event: 3.033 Thread 0x0000026cfe35f000 Uncommon trap: reason=unstable_if action=reinterpret pc=0x0000026c87b28a70 method=java.net.URL.<init>(Ljava/net/URL;Ljava/lang/String;Ljava/net/URLStreamHandler;)V @ 57 c2

Classes redefined (0 events):
No events

Internal exceptions (10 events):
Event: 0.351 Thread 0x0000026ceb991000 Exception <a 'java/lang/NoSuchMethodError'{0x0000000088549f70}: java.lang.invoke.DelegatingMethodHandle$Holder.delegate(Ljava/lang/Object;Ljava/lang/Object;ILjava/lang/Object;)V> (0x0000000088549f70) thrown at [t:/workspace/open/src/hotspot/share/interpre
Event: 0.353 Thread 0x0000026ceb991000 Exception <a 'java/lang/NoSuchMethodError'{0x0000000088550df8}: java.lang.invoke.DirectMethodHandle$Holder.invokeStaticInit(Ljava/lang/Object;Ljava/lang/Object;Ljava/lang/Object;)Ljava/lang/Object;> (0x0000000088550df8) thrown at [t:/workspace/open/src/ho
Event: 0.600 Thread 0x0000026ceb991000 Exception <a 'java/lang/NoSuchMethodError'{0x0000000088289e68}: java.lang.invoke.DirectMethodHandle$Holder.invokeSpecialIFC(Ljava/lang/Object;Ljava/lang/Object;I)I> (0x0000000088289e68) thrown at [t:/workspace/open/src/hotspot/share/interpreter/linkResolv
Event: 0.619 Thread 0x0000026ceb991000 Exception <a 'java/lang/ClassNotFoundException'{0x000000008829e5a0}: com/sun/org/apache/xerces/internal/impl/xpath/regex/spi/messageProvider> (0x000000008829e5a0) thrown at [t:/workspace/open/src/hotspot/share/classfile/systemDictionary.cpp, line 235]
Event: 0.960 Thread 0x0000026cfcc8e000 Exception <a 'java/lang/NoSuchMethodError'{0x0000000087ce2958}: java.lang.invoke.DirectMethodHandle$Holder.invokeStaticInit(Ljava/lang/Object;I)Ljava/lang/Object;> (0x0000000087ce2958) thrown at [t:/workspace/open/src/hotspot/share/interpreter/linkResolve
Event: 1.279 Thread 0x0000026ceb991000 Exception <a 'java/lang/NoSuchMethodError'{0x0000000087039000}: java.lang.invoke.DirectMethodHandle$Holder.invokeStaticInit(Ljava/lang/Object;IIII)Ljava/lang/Object;> (0x0000000087039000) thrown at [t:/workspace/open/src/hotspot/share/interpreter/linkReso
Event: 2.594 Thread 0x0000026ceb991000 Exception <a 'java/lang/NoSuchMethodError'{0x00000000870ab888}: java.lang.invoke.DirectMethodHandle$Holder.invokeStaticInit(Ljava/lang/Object;Ljava/lang/Object;IIII)Ljava/lang/Object;> (0x00000000870ab888) thrown at [t:/workspace/open/src/hotspot/share/in
Event: 2.751 Thread 0x0000026ceb991000 Implicit null exception at 0x0000026c87afe608 to 0x0000026c87afe69a
Event: 3.104 Thread 0x0000026ceb991000 Exception <a 'java/lang/NoSuchMethodError'{0x00000000866a99d8}: java.lang.invoke.DirectMethodHandle$Holder.invokeSpecial(Ljava/lang/Object;Ljava/lang/Object;Ljava/lang/Object;Ljava/lang/Object;)V> (0x00000000866a99d8) thrown at [t:/workspace/open/src/hots
Event: 3.105 Thread 0x0000026ceb991000 Exception <a 'java/lang/NoSuchMethodError'{0x00000000866afb98}: java.lang.invoke.DirectMethodHandle$Holder.invokeVirtual(Ljava/lang/Object;Ljava/lang/Object;Ljava/lang/Object;)Ljava/lang/Object;> (0x00000000866afb98) thrown at [t:/workspace/open/src/hotsp

Events (10 events):
Event: 3.310 loading class com/mysql/cj/exceptions/DataTruncationException
Event: 3.310 loading class com/mysql/cj/exceptions/DataTruncationException done
Event: 3.311 loading class com/mysql/cj/exceptions/ClosedOnExpiredPasswordException
Event: 3.311 loading class com/mysql/cj/exceptions/ClosedOnExpiredPasswordException done
Event: 3.311 loading class com/mysql/cj/protocol/a/CompressedInputStream
Event: 3.311 loading class com/mysql/cj/protocol/a/CompressedInputStream done
Event: 3.311 loading class com/mysql/cj/protocol/MessageHeader
Event: 3.311 loading class com/mysql/cj/protocol/MessageHeader done
Event: 3.312 loading class com/mysql/cj/exceptions/CJConnectionFeatureNotAvailableException
Event: 3.312 loading class com/mysql/cj/exceptions/CJConnectionFeatureNotAvailableException done


Dynamic libraries:
0x00007ff71fee0000 - 0x00007ff71feef000 	C:\Program Files\Java\jdk-12.0.1\bin\java.exe
0x00007ff9befe0000 - 0x00007ff9bf1d0000 	C:\WINDOWS\SYSTEM32\ntdll.dll
0x00007ff9beee0000 - 0x00007ff9bef92000 	C:\WINDOWS\System32\KERNEL32.DLL
0x00007ff9bc020000 - 0x00007ff9bc2c3000 	C:\WINDOWS\System32\KERNELBASE.dll
0x00007ff9bc7e0000 - 0x00007ff9bc8da000 	C:\WINDOWS\System32\ucrtbase.dll
0x00007ff9b2320000 - 0x00007ff9b2338000 	C:\Program Files\Java\jdk-12.0.1\bin\jli.dll
0x00007ff9b0af0000 - 0x00007ff9b0b06000 	C:\Program Files\Java\jdk-12.0.1\bin\VCRUNTIME140.dll
0x00007ff9be100000 - 0x00007ff9be1a3000 	C:\WINDOWS\System32\ADVAPI32.dll
0x00007ff9bdfd0000 - 0x00007ff9be06e000 	C:\WINDOWS\System32\msvcrt.dll
0x00007ff9be8f0000 - 0x00007ff9be987000 	C:\WINDOWS\System32\sechost.dll
0x00007ff9bd2c0000 - 0x00007ff9bd3e0000 	C:\WINDOWS\System32\RPCRT4.dll
0x00007ff9be9f0000 - 0x00007ff9beb84000 	C:\WINDOWS\System32\USER32.dll
0x00007ff9bc7b0000 - 0x00007ff9bc7d1000 	C:\WINDOWS\System32\win32u.dll
0x00007ff9a97d0000 - 0x00007ff9a9a55000 	C:\WINDOWS\WinSxS\amd64_microsoft.windows.common-controls_6595b64144ccf1df_6.0.18362.476_none_e6c4b11b130f2595\COMCTL32.dll
0x00007ff9bd090000 - 0x00007ff9bd0b6000 	C:\WINDOWS\System32\GDI32.dll
0x00007ff9bc610000 - 0x00007ff9bc7a4000 	C:\WINDOWS\System32\gdi32full.dll
0x00007ff9bd6c0000 - 0x00007ff9bd9f6000 	C:\WINDOWS\System32\combase.dll
0x00007ff9bc340000 - 0x00007ff9bc3de000 	C:\WINDOWS\System32\msvcp_win.dll
0x00007ff9bc590000 - 0x00007ff9bc610000 	C:\WINDOWS\System32\bcryptPrimitives.dll
0x00007ff9b01f0000 - 0x00007ff9b01fa000 	C:\WINDOWS\SYSTEM32\VERSION.dll
0x00007ff9be1b0000 - 0x00007ff9be1de000 	C:\WINDOWS\System32\IMM32.DLL
0x00007ff9930d0000 - 0x00007ff99317a000 	C:\Program Files\Java\jdk-12.0.1\bin\msvcp140.dll
0x00007ff96d100000 - 0x00007ff96dc74000 	C:\Program Files\Java\jdk-12.0.1\bin\server\jvm.dll
0x00007ff9bd500000 - 0x00007ff9bd508000 	C:\WINDOWS\System32\PSAPI.DLL
0x00007ff9b27d0000 - 0x00007ff9b27d9000 	C:\WINDOWS\SYSTEM32\WSOCK32.dll
0x00007ff9b3d40000 - 0x00007ff9b3d64000 	C:\WINDOWS\SYSTEM32\WINMM.dll
0x00007ff9bd3e0000 - 0x00007ff9bd44f000 	C:\WINDOWS\System32\WS2_32.dll
0x00007ff9b3b00000 - 0x00007ff9b3b2d000 	C:\WINDOWS\SYSTEM32\winmmbase.dll
0x00007ff9bc2d0000 - 0x00007ff9bc31a000 	C:\WINDOWS\System32\cfgmgr32.dll
0x00007ff9bbec0000 - 0x00007ff9bbed1000 	C:\WINDOWS\System32\kernel.appcore.dll
0x00007ff9aa780000 - 0x00007ff9aa791000 	C:\Program Files\Java\jdk-12.0.1\bin\verify.dll
0x00007ff9ba8b0000 - 0x00007ff9baaa4000 	C:\WINDOWS\SYSTEM32\DBGHELP.DLL
0x00007ff9b5920000 - 0x00007ff9b594a000 	C:\WINDOWS\SYSTEM32\dbgcore.DLL
0x00007ff9a62a0000 - 0x00007ff9a62c6000 	C:\Program Files\Java\jdk-12.0.1\bin\java.dll
0x00007ff9b31d0000 - 0x00007ff9b31de000 	C:\Program Files\Java\jdk-12.0.1\bin\instrument.dll
0x00007ff9a8ce0000 - 0x00007ff9a8cf7000 	C:\Program Files\Java\jdk-12.0.1\bin\zip.dll
0x00007ff9b22b0000 - 0x00007ff9b22ba000 	C:\Program Files\Java\jdk-12.0.1\bin\jimage.dll
0x00007ff9be200000 - 0x00007ff9be8e5000 	C:\WINDOWS\System32\SHELL32.dll
0x00007ff9bec60000 - 0x00007ff9bed09000 	C:\WINDOWS\System32\shcore.dll
0x00007ff9bc910000 - 0x00007ff9bd08e000 	C:\WINDOWS\System32\windows.storage.dll
0x00007ff9bbee0000 - 0x00007ff9bbeff000 	C:\WINDOWS\System32\profapi.dll
0x00007ff9bbf20000 - 0x00007ff9bbf6a000 	C:\WINDOWS\System32\powrprof.dll
0x00007ff9bbeb0000 - 0x00007ff9bbec0000 	C:\WINDOWS\System32\UMPDC.dll
0x00007ff9be990000 - 0x00007ff9be9e2000 	C:\WINDOWS\System32\shlwapi.dll
0x00007ff9bc320000 - 0x00007ff9bc337000 	C:\WINDOWS\System32\cryptsp.dll
0x00007ff9a8bc0000 - 0x00007ff9a8bd9000 	C:\Program Files\Java\jdk-12.0.1\bin\net.dll
0x00007ff9b48b0000 - 0x00007ff9b4a86000 	C:\WINDOWS\SYSTEM32\urlmon.dll
0x00007ff9b5d40000 - 0x00007ff9b5e30000 	C:\WINDOWS\SYSTEM32\WINHTTP.dll
0x00007ff9b2f00000 - 0x00007ff9b31a6000 	C:\WINDOWS\SYSTEM32\iertutil.dll
0x00007ff9bb890000 - 0x00007ff9bb89c000 	C:\WINDOWS\SYSTEM32\CRYPTBASE.DLL
0x00007ff9bb6c0000 - 0x00007ff9bb727000 	C:\WINDOWS\system32\mswsock.dll
0x00007ff9a68a0000 - 0x00007ff9a68b3000 	C:\Program Files\Java\jdk-12.0.1\bin\nio.dll
0x00007ff9a5100000 - 0x00007ff9a511a000 	C:\Program Files\JetBrains\IntelliJ IDEA 2018.3\bin\breakgen64.dll
0x00007ff9bb230000 - 0x00007ff9bb263000 	C:\WINDOWS\system32\rsaenh.dll
0x00007ff9bc8e0000 - 0x00007ff9bc906000 	C:\WINDOWS\System32\bcrypt.dll
0x00007ff9bbda0000 - 0x00007ff9bbdc5000 	C:\WINDOWS\SYSTEM32\USERENV.dll
0x00007ff9bb3d0000 - 0x00007ff9bb40a000 	C:\WINDOWS\SYSTEM32\IPHLPAPI.DLL
0x00007ff9be0f0000 - 0x00007ff9be0f8000 	C:\WINDOWS\System32\NSI.dll
0x00007ff9b6960000 - 0x00007ff9b6976000 	C:\WINDOWS\SYSTEM32\dhcpcsvc6.DLL
0x00007ff9b6940000 - 0x00007ff9b695c000 	C:\WINDOWS\SYSTEM32\dhcpcsvc.DLL
0x00007ff9bb410000 - 0x00007ff9bb4da000 	C:\WINDOWS\SYSTEM32\DNSAPI.dll
0x00007ff9aa6f0000 - 0x00007ff9aa6fa000 	C:\Windows\System32\rasadhlp.dll
0x00007ff9b6420000 - 0x00007ff9b6497000 	C:\WINDOWS\System32\fwpuclnt.dll

dbghelp: loaded successfully - version: 4.0.5 - missing functions: none
symbol engine: initialized successfully - sym options: 0x614 - pdb path: .;C:\Program Files\Java\jdk-12.0.1\bin;C:\WINDOWS\SYSTEM32;C:\WINDOWS\WinSxS\amd64_microsoft.windows.common-controls_6595b64144ccf1df_6.0.18362.476_none_e6c4b11b130f2595;C:\Program Files\Java\jdk-12.0.1\bin\server;C:\Program Files\JetBrains\IntelliJ IDEA 2018.3\bin

VM Arguments:
jvm_args: --enable-preview -javaagent:C:\Program Files\JetBrains\IntelliJ IDEA 2018.3\lib\idea_rt.jar=5720:C:\Program Files\JetBrains\IntelliJ IDEA 2018.3\bin -Dfile.encoding=UTF-8 
java_command: com.app.main.App
java_class_path (initial): D:\KMPROGRAMS\HOMEWORK\GIT\OrderingSys\main\target\classes;D:\KMPROGRAMS\HOMEWORK\GIT\OrderingSys\model\target\classes;C:\Users\lipton3d\.m2\repository\mysql\mysql-connector-java\8.0.16\mysql-connector-java-8.0.16.jar;C:\Users\lipton3d\.m2\repository\com\google\protobuf\protobuf-java\3.6.1\protobuf-java-3.6.1.jar;C:\Users\lipton3d\.m2\repository\org\hibernate\hibernate-core\5.4.4.Final\hibernate-core-5.4.4.Final.jar;C:\Users\lipton3d\.m2\repository\org\jboss\logging\jboss-logging\3.3.2.Final\jboss-logging-3.3.2.Final.jar;C:\Users\lipton3d\.m2\repository\javax\persistence\javax.persistence-api\2.2\javax.persistence-api-2.2.jar;C:\Users\lipton3d\.m2\repository\net\bytebuddy\byte-buddy\1.9.11\byte-buddy-1.9.11.jar;C:\Users\lipton3d\.m2\repository\antlr\antlr\2.7.7\antlr-2.7.7.jar;C:\Users\lipton3d\.m2\repository\org\jboss\spec\javax\transaction\jboss-transaction-api_1.2_spec\1.1.1.Final\jboss-transaction-api_1.2_spec-1.1.1.Final.jar;C:\Users\lipton3d\.m2\repository\org\jboss\jandex\2.0.5.Final\jandex-2.0.5.Final.jar;C:\Users\lipton3d\.m2\repository\com\fasterxml\classmate\1.3.4\classmate-1.3.4.jar;C:\Users\lipton3d\.m2\repository\javax\activation\javax.activation-api\1.2.0\javax.activation-api-1.2.0.jar;C:\Users\lipton3d\.m2\repository\org\dom4j\dom4j\2.1.1\dom4j-2.1.1.jar;C:\Users\lipton3d\.m2\repository\org\hibernate\common\hibernate-commons-annotations\5.1.0.Final\hibernate-commons-annotations-5.1.0.Final.jar;C:\Users\lipton3d\.m2\repository\org\glassfish\jaxb\jaxb-runtime\2.3.1\jaxb-runtime-2.3.1.jar;C:\Users\lipton3d\.m2\repository\org\glassfish\jaxb\txw2\2.3.1\txw2-2.3.1.jar;C:\Users\lipton3d\.m2\repository\com\sun\istack\istack-commons-runtime\3.0.7\istack-commons-runtime-3.0.7.jar;C:\Users\lipton3d\.m2\repository\org\jvnet\staxex\stax-ex\1.8\stax-ex-1.8.jar;C:\Users\lipton3d\.m2\repository\com\sun\xml\fastinfoset\FastInfoset\1.2.15\FastInfoset-1.2.15.jar;C:\Users\lipton3d\.m2\repository\javax\xml\bind\jaxb-api\2.2.11\jaxb-api-2.2.11
Launcher Type: SUN_STANDARD

[Global flags]
     intx CICompilerCount                          = 3                                         {product} {ergonomic}
     uint ConcGCThreads                            = 1                                         {product} {ergonomic}
     uint G1ConcRefinementThreads                  = 4                                         {product} {ergonomic}
   size_t G1HeapRegionSize                         = 1048576                                   {product} {ergonomic}
    uintx GCDrainStackTargetSize                   = 64                                        {product} {ergonomic}
   size_t InitialHeapSize                          = 132120576                                 {product} {ergonomic}
   size_t MarkStackSize                            = 4194304                                   {product} {ergonomic}
   size_t MaxHeapSize                              = 2109734912                                {product} {ergonomic}
   size_t MaxNewSize                               = 1265631232                                {product} {ergonomic}
   size_t MinHeapDeltaBytes                        = 1048576                                   {product} {ergonomic}
    uintx NonNMethodCodeHeapSize                   = 5830732                                {pd product} {ergonomic}
    uintx NonProfiledCodeHeapSize                  = 122913754                              {pd product} {ergonomic}
    uintx ProfiledCodeHeapSize                     = 122913754                              {pd product} {ergonomic}
    uintx ReservedCodeCacheSize                    = 251658240                              {pd product} {ergonomic}
     bool SegmentedCodeCache                       = true                                      {product} {ergonomic}
     bool UseCompressedClassPointers               = true                                 {lp64_product} {ergonomic}
     bool UseCompressedOops                        = true                                 {lp64_product} {ergonomic}
     bool UseG1GC                                  = true                                      {product} {ergonomic}
     bool UseLargePagesIndividualAllocation        = false                                  {pd product} {ergonomic}

Logging:
Log output configuration:
 #0: stdout all=warning uptime,level,tags
 #1: stderr all=off uptime,level,tags

Environment Variables:
JAVA_HOME=C:\Program Files\Java\jdk-12.0.1
PATH=C:\Program Files\Java\jdk-12.0.1\bin;C:\Program Files (x86)\Common Files\Oracle\Java\javapath;C:\ProgramData\Oracle\Java\javapath;C:\WINDOWS\system32;C:\WINDOWS;C:\WINDOWS\System32\Wbem;C:\WINDOWS\System32\WindowsPowerShell\v1.0\;D:\program_windows\Java\jdk1.8.0_162\bin;D:\program_windows\Java\jdk1.8.0_162a\bin;D:\program_windows\Java\jdk-9.0.4a\bin;C:\WINDOWS\System32\OpenSSH\;D:\program_windows\Git\cmd;C:\Program Files\MySQL\MySQL Utilities 1.6\;C:\Maven\bin;C:\Users\lipton3d\AppData\Local\Programs\Python\Python37-32\Scripts\;C:\Users\lipton3d\AppData\Local\Programs\Python\Python37-32\;C:\Program Files (x86)\Common Files\Oracle\Java\javapath;C:\ProgramData\Oracle\Java\javapath;C:\WINDOWS\system32;C:\WINDOWS;C:\WINDOWS\System32\Wbem;C:\WINDOWS\System32\WindowsPowerShell\v1.0\;D:\program_windows\Java\jdk1.8.0_162\bin;D:\program_windows\Java\jdk1.8.0_162a\bin;D:\program_windows\Java\jdk-9.0.4a\bin;C:\WINDOWS\System32\OpenSSH\;D:\program_windows\Git\cmd;C:\Users\lipton3d\AppData\Roaming\Dashlane\4.6.6.23032\bin\Firefox_Extension\{442718d9-475e-452a-b3e1-fb1ee16b8e9f}\components;C:\Users\lipton3d\AppData\Roaming\Dashlane\5.7.0.16178\bin\Firefox_Extension\{442718d9-475e-452a-b3e1-fb1ee16b8e9f}\components;C:\Users\lipton3d\AppData\Ro;C:\Users\lipton3d\AppData\Local\Microsoft\WindowsApps;
USERNAME=lipton3d
OS=Windows_NT
PROCESSOR_IDENTIFIER=Intel64 Family 6 Model 78 Stepping 3, GenuineIntel



---------------  S Y S T E M  ---------------

OS: Windows 10 , 64 bit Build 18362 (10.0.18362.329)

CPU:total 4 (initial active 4) (2 cores per cpu, 2 threads per core) family 6 model 78 stepping 3, cmov, cx8, fxsr, mmx, sse, sse2, sse3, ssse3, sse4.1, sse4.2, popcnt, avx, avx2, aes, clmul, erms, 3dnowpref, lzcnt, ht, tsc, tscinvbit, bmi1, bmi2, adx, fma

Memory: 4k page, system-wide physical 8045M (378M free)
TotalPageFile size 16986M (AvailPageFile size 4M)
current process WorkingSet (physical memory assigned to process): 131M, peak: 131M
current process commit charge ("private bytes"): 223M, peak: 223M

vm_info: Java HotSpot(TM) 64-Bit Server VM (12.0.1+12) for windows-amd64 JRE (12.0.1+12), built on Apr  2 2019 14:02:19 by "mach5one" with MS VC++ 15.5 (VS2017)

END.
